This is pdfTeX, Version 3.14159265-2.6-1.40.15 (TeX Live 2014) (preloaded format=latex)
 restricted \write18 enabled.
entering extended mode
(./TP_tmp.tex
LaTeX2e <2014/05/01>
Babel <3.9k> and hyphenation patterns for 78 languages loaded.
(/usr/local/texlive/2014/texmf-dist/tex/latex/base/article.cls
Document Class: article 2007/10/19 v1.4h Standard LaTeX document class
(/usr/local/texlive/2014/texmf-dist/tex/latex/base/size10.clo))
(/usr/local/texlive/2014/texmf-dist/tex/latex/graphics/color.sty
(/usr/local/texlive/2014/texmf-dist/tex/latex/latexconfig/color.cfg)
(/usr/local/texlive/2014/texmf-dist/tex/latex/graphics/dvips.def)
(/usr/local/texlive/2014/texmf-dist/tex/latex/graphics/dvipsnam.def))
(/usr/local/texlive/2014/texmf-dist/tex/latex/amsmath/amsmath.sty
For additional information on amsmath, use the `?' option.
(/usr/local/texlive/2014/texmf-dist/tex/latex/amsmath/amstext.sty
(/usr/local/texlive/2014/texmf-dist/tex/latex/amsmath/amsgen.sty))
(/usr/local/texlive/2014/texmf-dist/tex/latex/amsmath/amsbsy.sty)
(/usr/local/texlive/2014/texmf-dist/tex/latex/amsmath/amsopn.sty))
(/usr/local/texlive/2014/texmf-dist/tex/latex/amsfonts/amssymb.sty
(/usr/local/texlive/2014/texmf-dist/tex/latex/amsfonts/amsfonts.sty))
No file TP_tmp.aux.
(/usr/local/texlive/2014/texmf-dist/tex/latex/amsfonts/umsa.fd)
(/usr/local/texlive/2014/texmf-dist/tex/latex/amsfonts/umsb.fd) [1]
(./TP_tmp.aux) )
Output written on TP_tmp.dvi (1 page, 448 bytes).
Transcript written on TP_tmp.log.
